{"code":"ETIMEOUT","hostname":"_mongodb._tcp.demo.9imzc.mongodb.net","level":"error","message":"Database connection error: querySrv ETIMEOUT _mongodb._tcp.demo.9imzc.mongodb.net","stack":"Error: querySrv ETIMEOUT _mongodb._tcp.demo.9imzc.mongodb.net\n    at QueryReqWrap.onresolve [as oncomplete] (node:internal/dns/promises:291:17)","syscall":"querySrv"}
{"level":"error","message":"Error: querySrv ETIMEOUT _mongodb._tcp.demo.9imzc.mongodb.net\n    at QueryReqWrap.onresolve [as oncomplete] (node:internal/dns/promises:291:17)"}
{"level":"error","message":"Error: querySrv ETIMEOUT _mongodb._tcp.demo.9imzc.mongodb.net\n    at QueryReqWrap.onresolve [as oncomplete] (node:internal/dns/promises:291:17)"}
{"level":"error","message":"ReferenceError: C:\\Users\\rahul\\OneDrive\\Desktop\\ExamPaper\\views\\Examiner\\showOption.ejs:21\n    19|         <div class=\"text-center\">\r\n    20|             <a href=\"/log\" class=\"btn btn-primary btn-lg m-3\">View Logs</a>\r\n >> 21|             <a href=\"/createClass/room/<%= room.roomId %>\" class=\"btn btn-success btn-lg m-3\">Verify Students</a>\r\n    22|         </div>\r\n    23|     </div>\r\n    24|     <script src=\"https://cdn.jsdelivr.net/npm/bootstrap@5.3.0-alpha1/dist/js/bootstrap.bundle.min.js\"></script>\r\n\nroom is not defined\n    at eval (\"C:\\\\Users\\\\rahul\\\\OneDrive\\\\Desktop\\\\ExamPaper\\\\views\\\\Examiner\\\\showOption.ejs\":12:26)\n    at showOption (C:\\Users\\rahul\\OneDrive\\Desktop\\ExamPaper\\node_modules\\ejs\\lib\\ejs.js:703:17)\n    at tryHandleCache (C:\\Users\\rahul\\OneDrive\\Desktop\\ExamPaper\\node_modules\\ejs\\lib\\ejs.js:274:36)\n    at exports.renderFile [as engine] (C:\\Users\\rahul\\OneDrive\\Desktop\\ExamPaper\\node_modules\\ejs\\lib\\ejs.js:491:10)\n    at View.render (C:\\Users\\rahul\\OneDrive\\Desktop\\ExamPaper\\node_modules\\express\\lib\\view.js:135:8)\n    at tryRender (C:\\Users\\rahul\\OneDrive\\Desktop\\ExamPaper\\node_modules\\express\\lib\\application.js:657:10)\n    at Function.render (C:\\Users\\rahul\\OneDrive\\Desktop\\ExamPaper\\node_modules\\express\\lib\\application.js:609:3)\n    at ServerResponse.render (C:\\Users\\rahul\\OneDrive\\Desktop\\ExamPaper\\node_modules\\express\\lib\\response.js:1049:7)\n    at C:\\Users\\rahul\\OneDrive\\Desktop\\ExamPaper\\routes\\createClass.js:56:13\n    at process.processTicksAndRejections (node:internal/process/task_queues:95:5)"}
{"level":"error","message":"ReferenceError: C:\\Users\\rahul\\OneDrive\\Desktop\\ExamPaper\\views\\Examiner\\showOption.ejs:21\n    19|         <div class=\"text-center\">\r\n    20|             <a href=\"/log\" class=\"btn btn-primary btn-lg m-3\">View Logs</a>\r\n >> 21|             <a href=\"/createClass/room/<%= room.roomId %>\" class=\"btn btn-success btn-lg m-3\">Verify Students</a>\r\n    22|         </div>\r\n    23|     </div>\r\n    24|     <script src=\"https://cdn.jsdelivr.net/npm/bootstrap@5.3.0-alpha1/dist/js/bootstrap.bundle.min.js\"></script>\r\n\nroom is not defined\n    at eval (\"C:\\\\Users\\\\rahul\\\\OneDrive\\\\Desktop\\\\ExamPaper\\\\views\\\\Examiner\\\\showOption.ejs\":12:26)\n    at showOption (C:\\Users\\rahul\\OneDrive\\Desktop\\ExamPaper\\node_modules\\ejs\\lib\\ejs.js:703:17)\n    at tryHandleCache (C:\\Users\\rahul\\OneDrive\\Desktop\\ExamPaper\\node_modules\\ejs\\lib\\ejs.js:274:36)\n    at exports.renderFile [as engine] (C:\\Users\\rahul\\OneDrive\\Desktop\\ExamPaper\\node_modules\\ejs\\lib\\ejs.js:491:10)\n    at View.render (C:\\Users\\rahul\\OneDrive\\Desktop\\ExamPaper\\node_modules\\express\\lib\\view.js:135:8)\n    at tryRender (C:\\Users\\rahul\\OneDrive\\Desktop\\ExamPaper\\node_modules\\express\\lib\\application.js:657:10)\n    at Function.render (C:\\Users\\rahul\\OneDrive\\Desktop\\ExamPaper\\node_modules\\express\\lib\\application.js:609:3)\n    at ServerResponse.render (C:\\Users\\rahul\\OneDrive\\Desktop\\ExamPaper\\node_modules\\express\\lib\\response.js:1049:7)\n    at C:\\Users\\rahul\\OneDrive\\Desktop\\ExamPaper\\routes\\createClass.js:56:13\n    at process.processTicksAndRejections (node:internal/process/task_queues:95:5)"}
{"level":"error","message":"ReferenceError: C:\\Users\\rahul\\OneDrive\\Desktop\\ExamPaper\\views\\Examiner\\showOption.ejs:21\n    19|         <div class=\"text-center\">\r\n    20|             <a href=\"/log\" class=\"btn btn-primary btn-lg m-3\">View Logs</a>\r\n >> 21|             <a href=\"/createClass/room/<%= room.roomId %>\" class=\"btn btn-success btn-lg m-3\">Verify Students</a>\r\n    22|         </div>\r\n    23|     </div>\r\n    24|     <script src=\"https://cdn.jsdelivr.net/npm/bootstrap@5.3.0-alpha1/dist/js/bootstrap.bundle.min.js\"></script>\r\n\nroom is not defined\n    at eval (\"C:\\\\Users\\\\rahul\\\\OneDrive\\\\Desktop\\\\ExamPaper\\\\views\\\\Examiner\\\\showOption.ejs\":12:26)\n    at showOption (C:\\Users\\rahul\\OneDrive\\Desktop\\ExamPaper\\node_modules\\ejs\\lib\\ejs.js:703:17)\n    at tryHandleCache (C:\\Users\\rahul\\OneDrive\\Desktop\\ExamPaper\\node_modules\\ejs\\lib\\ejs.js:274:36)\n    at exports.renderFile [as engine] (C:\\Users\\rahul\\OneDrive\\Desktop\\ExamPaper\\node_modules\\ejs\\lib\\ejs.js:491:10)\n    at View.render (C:\\Users\\rahul\\OneDrive\\Desktop\\ExamPaper\\node_modules\\express\\lib\\view.js:135:8)\n    at tryRender (C:\\Users\\rahul\\OneDrive\\Desktop\\ExamPaper\\node_modules\\express\\lib\\application.js:657:10)\n    at Function.render (C:\\Users\\rahul\\OneDrive\\Desktop\\ExamPaper\\node_modules\\express\\lib\\application.js:609:3)\n    at ServerResponse.render (C:\\Users\\rahul\\OneDrive\\Desktop\\ExamPaper\\node_modules\\express\\lib\\response.js:1049:7)\n    at C:\\Users\\rahul\\OneDrive\\Desktop\\ExamPaper\\routes\\createClass.js:56:13\n    at process.processTicksAndRejections (node:internal/process/task_queues:95:5)"}
{"level":"error","message":"ReferenceError: C:\\Users\\rahul\\OneDrive\\Desktop\\ExamPaper\\views\\Examiner\\showOption.ejs:21\n    19|         <div class=\"text-center\">\r\n    20|             <a href=\"/log\" class=\"btn btn-primary btn-lg m-3\">View Logs</a>\r\n >> 21|             <a href=\"/createClass/room/<%= room.roomId %>\" class=\"btn btn-success btn-lg m-3\">Verify Students</a>\r\n    22|         </div>\r\n    23|     </div>\r\n    24|     <script src=\"https://cdn.jsdelivr.net/npm/bootstrap@5.3.0-alpha1/dist/js/bootstrap.bundle.min.js\"></script>\r\n\nroom is not defined\n    at eval (\"C:\\\\Users\\\\rahul\\\\OneDrive\\\\Desktop\\\\ExamPaper\\\\views\\\\Examiner\\\\showOption.ejs\":12:26)\n    at showOption (C:\\Users\\rahul\\OneDrive\\Desktop\\ExamPaper\\node_modules\\ejs\\lib\\ejs.js:703:17)\n    at tryHandleCache (C:\\Users\\rahul\\OneDrive\\Desktop\\ExamPaper\\node_modules\\ejs\\lib\\ejs.js:274:36)\n    at exports.renderFile [as engine] (C:\\Users\\rahul\\OneDrive\\Desktop\\ExamPaper\\node_modules\\ejs\\lib\\ejs.js:491:10)\n    at View.render (C:\\Users\\rahul\\OneDrive\\Desktop\\ExamPaper\\node_modules\\express\\lib\\view.js:135:8)\n    at tryRender (C:\\Users\\rahul\\OneDrive\\Desktop\\ExamPaper\\node_modules\\express\\lib\\application.js:657:10)\n    at Function.render (C:\\Users\\rahul\\OneDrive\\Desktop\\ExamPaper\\node_modules\\express\\lib\\application.js:609:3)\n    at ServerResponse.render (C:\\Users\\rahul\\OneDrive\\Desktop\\ExamPaper\\node_modules\\express\\lib\\response.js:1049:7)\n    at C:\\Users\\rahul\\OneDrive\\Desktop\\ExamPaper\\routes\\createClass.js:56:13\n    at process.processTicksAndRejections (node:internal/process/task_queues:95:5)"}
{"level":"error","message":"ReferenceError: C:\\Users\\rahul\\OneDrive\\Desktop\\ExamPaper\\views\\Examiner\\showOption.ejs:21\n    19|         <div class=\"text-center\">\r\n    20|             <a href=\"/log\" class=\"btn btn-primary btn-lg m-3\">View Logs</a>\r\n >> 21|             <a href=\"/createClass/room/<%= room.roomId %>\" class=\"btn btn-success btn-lg m-3\">Verify Students</a>\r\n    22|         </div>\r\n    23|     </div>\r\n    24|     <script src=\"https://cdn.jsdelivr.net/npm/bootstrap@5.3.0-alpha1/dist/js/bootstrap.bundle.min.js\"></script>\r\n\nroom is not defined\n    at eval (\"C:\\\\Users\\\\rahul\\\\OneDrive\\\\Desktop\\\\ExamPaper\\\\views\\\\Examiner\\\\showOption.ejs\":12:26)\n    at showOption (C:\\Users\\rahul\\OneDrive\\Desktop\\ExamPaper\\node_modules\\ejs\\lib\\ejs.js:703:17)\n    at tryHandleCache (C:\\Users\\rahul\\OneDrive\\Desktop\\ExamPaper\\node_modules\\ejs\\lib\\ejs.js:274:36)\n    at exports.renderFile [as engine] (C:\\Users\\rahul\\OneDrive\\Desktop\\ExamPaper\\node_modules\\ejs\\lib\\ejs.js:491:10)\n    at View.render (C:\\Users\\rahul\\OneDrive\\Desktop\\ExamPaper\\node_modules\\express\\lib\\view.js:135:8)\n    at tryRender (C:\\Users\\rahul\\OneDrive\\Desktop\\ExamPaper\\node_modules\\express\\lib\\application.js:657:10)\n    at Function.render (C:\\Users\\rahul\\OneDrive\\Desktop\\ExamPaper\\node_modules\\express\\lib\\application.js:609:3)\n    at ServerResponse.render (C:\\Users\\rahul\\OneDrive\\Desktop\\ExamPaper\\node_modules\\express\\lib\\response.js:1049:7)\n    at C:\\Users\\rahul\\OneDrive\\Desktop\\ExamPaper\\routes\\createClass.js:56:13\n    at process.processTicksAndRejections (node:internal/process/task_queues:95:5)"}
{"level":"error","message":"ReferenceError: C:\\Users\\rahul\\OneDrive\\Desktop\\ExamPaper\\views\\Examiner\\showOption.ejs:21\n    19|         <div class=\"text-center\">\r\n    20|             <a href=\"/log\" class=\"btn btn-primary btn-lg m-3\">View Logs</a>\r\n >> 21|             <a href=\"/createClass/room/<%= room.roomId %>\" class=\"btn btn-success btn-lg m-3\">Verify Students</a>\r\n    22|         </div>\r\n    23|     </div>\r\n    24|     <script src=\"https://cdn.jsdelivr.net/npm/bootstrap@5.3.0-alpha1/dist/js/bootstrap.bundle.min.js\"></script>\r\n\nroom is not defined\n    at eval (\"C:\\\\Users\\\\rahul\\\\OneDrive\\\\Desktop\\\\ExamPaper\\\\views\\\\Examiner\\\\showOption.ejs\":12:26)\n    at showOption (C:\\Users\\rahul\\OneDrive\\Desktop\\ExamPaper\\node_modules\\ejs\\lib\\ejs.js:703:17)\n    at tryHandleCache (C:\\Users\\rahul\\OneDrive\\Desktop\\ExamPaper\\node_modules\\ejs\\lib\\ejs.js:274:36)\n    at exports.renderFile [as engine] (C:\\Users\\rahul\\OneDrive\\Desktop\\ExamPaper\\node_modules\\ejs\\lib\\ejs.js:491:10)\n    at View.render (C:\\Users\\rahul\\OneDrive\\Desktop\\ExamPaper\\node_modules\\express\\lib\\view.js:135:8)\n    at tryRender (C:\\Users\\rahul\\OneDrive\\Desktop\\ExamPaper\\node_modules\\express\\lib\\application.js:657:10)\n    at Function.render (C:\\Users\\rahul\\OneDrive\\Desktop\\ExamPaper\\node_modules\\express\\lib\\application.js:609:3)\n    at ServerResponse.render (C:\\Users\\rahul\\OneDrive\\Desktop\\ExamPaper\\node_modules\\express\\lib\\response.js:1049:7)\n    at C:\\Users\\rahul\\OneDrive\\Desktop\\ExamPaper\\routes\\createClass.js:56:13\n    at process.processTicksAndRejections (node:internal/process/task_queues:95:5)"}
{"level":"error","message":"ReferenceError: C:\\Users\\rahul\\OneDrive\\Desktop\\ExamPaper\\views\\Examiner\\showOption.ejs:21\n    19|         <div class=\"text-center\">\r\n    20|             <a href=\"/log\" class=\"btn btn-primary btn-lg m-3\">View Logs</a>\r\n >> 21|             <a href=\"/createClass/room/<%= room.roomId %>\" class=\"btn btn-success btn-lg m-3\">Verify Students</a>\r\n    22|         </div>\r\n    23|     </div>\r\n    24|     <script src=\"https://cdn.jsdelivr.net/npm/bootstrap@5.3.0-alpha1/dist/js/bootstrap.bundle.min.js\"></script>\r\n\nroom is not defined\n    at eval (\"C:\\\\Users\\\\rahul\\\\OneDrive\\\\Desktop\\\\ExamPaper\\\\views\\\\Examiner\\\\showOption.ejs\":12:26)\n    at showOption (C:\\Users\\rahul\\OneDrive\\Desktop\\ExamPaper\\node_modules\\ejs\\lib\\ejs.js:703:17)\n    at tryHandleCache (C:\\Users\\rahul\\OneDrive\\Desktop\\ExamPaper\\node_modules\\ejs\\lib\\ejs.js:274:36)\n    at exports.renderFile [as engine] (C:\\Users\\rahul\\OneDrive\\Desktop\\ExamPaper\\node_modules\\ejs\\lib\\ejs.js:491:10)\n    at View.render (C:\\Users\\rahul\\OneDrive\\Desktop\\ExamPaper\\node_modules\\express\\lib\\view.js:135:8)\n    at tryRender (C:\\Users\\rahul\\OneDrive\\Desktop\\ExamPaper\\node_modules\\express\\lib\\application.js:657:10)\n    at Function.render (C:\\Users\\rahul\\OneDrive\\Desktop\\ExamPaper\\node_modules\\express\\lib\\application.js:609:3)\n    at ServerResponse.render (C:\\Users\\rahul\\OneDrive\\Desktop\\ExamPaper\\node_modules\\express\\lib\\response.js:1049:7)\n    at C:\\Users\\rahul\\OneDrive\\Desktop\\ExamPaper\\routes\\createClass.js:56:13\n    at Layer.handle [as handle_request] (C:\\Users\\rahul\\OneDrive\\Desktop\\ExamPaper\\node_modules\\express\\lib\\router\\layer.js:95:5)"}
{"level":"error","message":"ReferenceError: C:\\Users\\rahul\\OneDrive\\Desktop\\ExamPaper\\views\\Examiner\\showOption.ejs:21\n    19|         <div class=\"text-center\">\r\n    20|             <a href=\"/log\" class=\"btn btn-primary btn-lg m-3\">View Logs</a>\r\n >> 21|             <a href=\"/createClass/room/<%= room.roomId %>\" class=\"btn btn-success btn-lg m-3\">Verify Students</a>\r\n    22|         </div>\r\n    23|     </div>\r\n    24|     <script src=\"https://cdn.jsdelivr.net/npm/bootstrap@5.3.0-alpha1/dist/js/bootstrap.bundle.min.js\"></script>\r\n\nroom is not defined\n    at eval (\"C:\\\\Users\\\\rahul\\\\OneDrive\\\\Desktop\\\\ExamPaper\\\\views\\\\Examiner\\\\showOption.ejs\":12:26)\n    at showOption (C:\\Users\\rahul\\OneDrive\\Desktop\\ExamPaper\\node_modules\\ejs\\lib\\ejs.js:703:17)\n    at tryHandleCache (C:\\Users\\rahul\\OneDrive\\Desktop\\ExamPaper\\node_modules\\ejs\\lib\\ejs.js:274:36)\n    at exports.renderFile [as engine] (C:\\Users\\rahul\\OneDrive\\Desktop\\ExamPaper\\node_modules\\ejs\\lib\\ejs.js:491:10)\n    at View.render (C:\\Users\\rahul\\OneDrive\\Desktop\\ExamPaper\\node_modules\\express\\lib\\view.js:135:8)\n    at tryRender (C:\\Users\\rahul\\OneDrive\\Desktop\\ExamPaper\\node_modules\\express\\lib\\application.js:657:10)\n    at Function.render (C:\\Users\\rahul\\OneDrive\\Desktop\\ExamPaper\\node_modules\\express\\lib\\application.js:609:3)\n    at ServerResponse.render (C:\\Users\\rahul\\OneDrive\\Desktop\\ExamPaper\\node_modules\\express\\lib\\response.js:1049:7)\n    at C:\\Users\\rahul\\OneDrive\\Desktop\\ExamPaper\\routes\\createClass.js:56:13\n    at Layer.handle [as handle_request] (C:\\Users\\rahul\\OneDrive\\Desktop\\ExamPaper\\node_modules\\express\\lib\\router\\layer.js:95:5)"}
{"level":"error","message":"ReferenceError: C:\\Users\\rahul\\OneDrive\\Desktop\\ExamPaper\\views\\Examiner\\showOption.ejs:21\n    19|         <div class=\"text-center\">\r\n    20|             <a href=\"/log\" class=\"btn btn-primary btn-lg m-3\">View Logs</a>\r\n >> 21|             <a href=\"/createClass/room/<%= room.roomId %>\" class=\"btn btn-success btn-lg m-3\">Verify Students</a>\r\n    22|         </div>\r\n    23|     </div>\r\n    24|     <script src=\"https://cdn.jsdelivr.net/npm/bootstrap@5.3.0-alpha1/dist/js/bootstrap.bundle.min.js\"></script>\r\n\nroom is not defined\n    at eval (\"C:\\\\Users\\\\rahul\\\\OneDrive\\\\Desktop\\\\ExamPaper\\\\views\\\\Examiner\\\\showOption.ejs\":12:26)\n    at showOption (C:\\Users\\rahul\\OneDrive\\Desktop\\ExamPaper\\node_modules\\ejs\\lib\\ejs.js:703:17)\n    at tryHandleCache (C:\\Users\\rahul\\OneDrive\\Desktop\\ExamPaper\\node_modules\\ejs\\lib\\ejs.js:274:36)\n    at exports.renderFile [as engine] (C:\\Users\\rahul\\OneDrive\\Desktop\\ExamPaper\\node_modules\\ejs\\lib\\ejs.js:491:10)\n    at View.render (C:\\Users\\rahul\\OneDrive\\Desktop\\ExamPaper\\node_modules\\express\\lib\\view.js:135:8)\n    at tryRender (C:\\Users\\rahul\\OneDrive\\Desktop\\ExamPaper\\node_modules\\express\\lib\\application.js:657:10)\n    at Function.render (C:\\Users\\rahul\\OneDrive\\Desktop\\ExamPaper\\node_modules\\express\\lib\\application.js:609:3)\n    at ServerResponse.render (C:\\Users\\rahul\\OneDrive\\Desktop\\ExamPaper\\node_modules\\express\\lib\\response.js:1049:7)\n    at C:\\Users\\rahul\\OneDrive\\Desktop\\ExamPaper\\routes\\createClass.js:56:13\n    at Layer.handle [as handle_request] (C:\\Users\\rahul\\OneDrive\\Desktop\\ExamPaper\\node_modules\\express\\lib\\router\\layer.js:95:5)"}
{"level":"error","message":"ReferenceError: C:\\Users\\rahul\\OneDrive\\Desktop\\ExamPaper\\views\\Examiner\\showOption.ejs:21\n    19|         <div class=\"text-center\">\r\n    20|             <a href=\"/log\" class=\"btn btn-primary btn-lg m-3\">View Logs</a>\r\n >> 21|             <a href=\"/createClass/room/<%= room.roomId %>\" class=\"btn btn-success btn-lg m-3\">Verify Students</a>\r\n    22|         </div>\r\n    23|     </div>\r\n    24|     <script src=\"https://cdn.jsdelivr.net/npm/bootstrap@5.3.0-alpha1/dist/js/bootstrap.bundle.min.js\"></script>\r\n\nroom is not defined\n    at eval (\"C:\\\\Users\\\\rahul\\\\OneDrive\\\\Desktop\\\\ExamPaper\\\\views\\\\Examiner\\\\showOption.ejs\":12:26)\n    at showOption (C:\\Users\\rahul\\OneDrive\\Desktop\\ExamPaper\\node_modules\\ejs\\lib\\ejs.js:703:17)\n    at tryHandleCache (C:\\Users\\rahul\\OneDrive\\Desktop\\ExamPaper\\node_modules\\ejs\\lib\\ejs.js:274:36)\n    at exports.renderFile [as engine] (C:\\Users\\rahul\\OneDrive\\Desktop\\ExamPaper\\node_modules\\ejs\\lib\\ejs.js:491:10)\n    at View.render (C:\\Users\\rahul\\OneDrive\\Desktop\\ExamPaper\\node_modules\\express\\lib\\view.js:135:8)\n    at tryRender (C:\\Users\\rahul\\OneDrive\\Desktop\\ExamPaper\\node_modules\\express\\lib\\application.js:657:10)\n    at Function.render (C:\\Users\\rahul\\OneDrive\\Desktop\\ExamPaper\\node_modules\\express\\lib\\application.js:609:3)\n    at ServerResponse.render (C:\\Users\\rahul\\OneDrive\\Desktop\\ExamPaper\\node_modules\\express\\lib\\response.js:1049:7)\n    at C:\\Users\\rahul\\OneDrive\\Desktop\\ExamPaper\\routes\\createClass.js:56:13\n    at Layer.handle [as handle_request] (C:\\Users\\rahul\\OneDrive\\Desktop\\ExamPaper\\node_modules\\express\\lib\\router\\layer.js:95:5)"}
{"level":"error","message":"ReferenceError: C:\\Users\\rahul\\OneDrive\\Desktop\\ExamPaper\\views\\Examiner\\showOption.ejs:21\n    19|         <div class=\"text-center\">\r\n    20|             <a href=\"/log\" class=\"btn btn-primary btn-lg m-3\">View Logs</a>\r\n >> 21|             <a href=\"/createClass/room/<%= room.roomId %>\" class=\"btn btn-success btn-lg m-3\">Verify Students</a>\r\n    22|         </div>\r\n    23|     </div>\r\n    24|     <script src=\"https://cdn.jsdelivr.net/npm/bootstrap@5.3.0-alpha1/dist/js/bootstrap.bundle.min.js\"></script>\r\n\nroom is not defined\n    at eval (\"C:\\\\Users\\\\rahul\\\\OneDrive\\\\Desktop\\\\ExamPaper\\\\views\\\\Examiner\\\\showOption.ejs\":12:26)\n    at showOption (C:\\Users\\rahul\\OneDrive\\Desktop\\ExamPaper\\node_modules\\ejs\\lib\\ejs.js:703:17)\n    at tryHandleCache (C:\\Users\\rahul\\OneDrive\\Desktop\\ExamPaper\\node_modules\\ejs\\lib\\ejs.js:274:36)\n    at exports.renderFile [as engine] (C:\\Users\\rahul\\OneDrive\\Desktop\\ExamPaper\\node_modules\\ejs\\lib\\ejs.js:491:10)\n    at View.render (C:\\Users\\rahul\\OneDrive\\Desktop\\ExamPaper\\node_modules\\express\\lib\\view.js:135:8)\n    at tryRender (C:\\Users\\rahul\\OneDrive\\Desktop\\ExamPaper\\node_modules\\express\\lib\\application.js:657:10)\n    at Function.render (C:\\Users\\rahul\\OneDrive\\Desktop\\ExamPaper\\node_modules\\express\\lib\\application.js:609:3)\n    at ServerResponse.render (C:\\Users\\rahul\\OneDrive\\Desktop\\ExamPaper\\node_modules\\express\\lib\\response.js:1049:7)\n    at C:\\Users\\rahul\\OneDrive\\Desktop\\ExamPaper\\routes\\createClass.js:56:13\n    at Layer.handle [as handle_request] (C:\\Users\\rahul\\OneDrive\\Desktop\\ExamPaper\\node_modules\\express\\lib\\router\\layer.js:95:5)"}
{"level":"error","message":"ReferenceError: C:\\Users\\rahul\\OneDrive\\Desktop\\ExamPaper\\views\\Examiner\\logs.ejs:73\n    71|             <td>${log.message}</td>\r\n    72|             <td>${log.status}</td>\r\n >> 73|             <td><%= new Date(log.timestamp).toLocaleString('en-IN', { timeZone: 'Asia/Kolkata' }) %></td>\r\n    74| \r\n    75|         `;\r\n    76| \r\n\nlog is not defined\n    at eval (\"C:\\\\Users\\\\rahul\\\\OneDrive\\\\Desktop\\\\ExamPaper\\\\views\\\\Examiner\\\\logs.ejs\":39:35)\n    at logs (C:\\Users\\rahul\\OneDrive\\Desktop\\ExamPaper\\node_modules\\ejs\\lib\\ejs.js:703:17)\n    at tryHandleCache (C:\\Users\\rahul\\OneDrive\\Desktop\\ExamPaper\\node_modules\\ejs\\lib\\ejs.js:274:36)\n    at exports.renderFile [as engine] (C:\\Users\\rahul\\OneDrive\\Desktop\\ExamPaper\\node_modules\\ejs\\lib\\ejs.js:491:10)\n    at View.render (C:\\Users\\rahul\\OneDrive\\Desktop\\ExamPaper\\node_modules\\express\\lib\\view.js:135:8)\n    at tryRender (C:\\Users\\rahul\\OneDrive\\Desktop\\ExamPaper\\node_modules\\express\\lib\\application.js:657:10)\n    at Function.render (C:\\Users\\rahul\\OneDrive\\Desktop\\ExamPaper\\node_modules\\express\\lib\\application.js:609:3)\n    at ServerResponse.render (C:\\Users\\rahul\\OneDrive\\Desktop\\ExamPaper\\node_modules\\express\\lib\\response.js:1049:7)\n    at C:\\Users\\rahul\\OneDrive\\Desktop\\ExamPaper\\routes\\createClass.js:149:9\n    at Layer.handle [as handle_request] (C:\\Users\\rahul\\OneDrive\\Desktop\\ExamPaper\\node_modules\\express\\lib\\router\\layer.js:95:5)"}
{"level":"error","message":"ReferenceError: C:\\Users\\rahul\\OneDrive\\Desktop\\ExamPaper\\views\\Examiner\\logs.ejs:73\n    71|             <td>${log.message}</td>\r\n    72|             <td>${log.status}</td>\r\n >> 73|             <td><%= new Date(log.timestamp).toLocaleString('en-IN', { timeZone: 'Asia/Kolkata' }) %></td>\r\n    74| \r\n    75|         `;\r\n    76| \r\n\nlog is not defined\n    at eval (\"C:\\\\Users\\\\rahul\\\\OneDrive\\\\Desktop\\\\ExamPaper\\\\views\\\\Examiner\\\\logs.ejs\":39:35)\n    at logs (C:\\Users\\rahul\\OneDrive\\Desktop\\ExamPaper\\node_modules\\ejs\\lib\\ejs.js:703:17)\n    at tryHandleCache (C:\\Users\\rahul\\OneDrive\\Desktop\\ExamPaper\\node_modules\\ejs\\lib\\ejs.js:274:36)\n    at exports.renderFile [as engine] (C:\\Users\\rahul\\OneDrive\\Desktop\\ExamPaper\\node_modules\\ejs\\lib\\ejs.js:491:10)\n    at View.render (C:\\Users\\rahul\\OneDrive\\Desktop\\ExamPaper\\node_modules\\express\\lib\\view.js:135:8)\n    at tryRender (C:\\Users\\rahul\\OneDrive\\Desktop\\ExamPaper\\node_modules\\express\\lib\\application.js:657:10)\n    at Function.render (C:\\Users\\rahul\\OneDrive\\Desktop\\ExamPaper\\node_modules\\express\\lib\\application.js:609:3)\n    at ServerResponse.render (C:\\Users\\rahul\\OneDrive\\Desktop\\ExamPaper\\node_modules\\express\\lib\\response.js:1049:7)\n    at C:\\Users\\rahul\\OneDrive\\Desktop\\ExamPaper\\routes\\createClass.js:149:9\n    at Layer.handle [as handle_request] (C:\\Users\\rahul\\OneDrive\\Desktop\\ExamPaper\\node_modules\\express\\lib\\router\\layer.js:95:5)"}
{"level":"error","message":"Error: C:\\Users\\rahul\\OneDrive\\Desktop\\ExamPaper\\views\\addStudents.ejs:15\n    13| <body>\r\n    14| \r\n >> 15|     <%- include(\"../includes/nav.ejs\") %>\r\n    16| \r\n    17| \r\n    18|     <div class=\"container mt-5\">\r\n\nCould not find the include file \"../includes/nav.ejs\"\n    at getIncludePath (C:\\Users\\rahul\\OneDrive\\Desktop\\ExamPaper\\node_modules\\ejs\\lib\\ejs.js:185:13)\n    at includeFile (C:\\Users\\rahul\\OneDrive\\Desktop\\ExamPaper\\node_modules\\ejs\\lib\\ejs.js:311:19)\n    at include (C:\\Users\\rahul\\OneDrive\\Desktop\\ExamPaper\\node_modules\\ejs\\lib\\ejs.js:701:16)\n    at eval (\"C:\\\\Users\\\\rahul\\\\OneDrive\\\\Desktop\\\\ExamPaper\\\\views\\\\addStudents.ejs\":12:17)\n    at addStudents (C:\\Users\\rahul\\OneDrive\\Desktop\\ExamPaper\\node_modules\\ejs\\lib\\ejs.js:703:17)\n    at tryHandleCache (C:\\Users\\rahul\\OneDrive\\Desktop\\ExamPaper\\node_modules\\ejs\\lib\\ejs.js:274:36)\n    at exports.renderFile [as engine] (C:\\Users\\rahul\\OneDrive\\Desktop\\ExamPaper\\node_modules\\ejs\\lib\\ejs.js:491:10)\n    at View.render (C:\\Users\\rahul\\OneDrive\\Desktop\\ExamPaper\\node_modules\\express\\lib\\view.js:135:8)\n    at tryRender (C:\\Users\\rahul\\OneDrive\\Desktop\\ExamPaper\\node_modules\\express\\lib\\application.js:657:10)\n    at Function.render (C:\\Users\\rahul\\OneDrive\\Desktop\\ExamPaper\\node_modules\\express\\lib\\application.js:609:3)"}
{"level":"error","message":"Error: C:\\Users\\rahul\\OneDrive\\Desktop\\ExamPaper\\views\\ExamDepartment\\addPapers.ejs:26\n    24| </head>\r\n    25| <body>\r\n >> 26|     <%- include(\"./includes/nav.ejs\") %>\r\n    27|     <div class=\"container\">\r\n    28|         <a href=\"/uploadPapers\" class=\"btn btn-primary btn-lg\">Upload Papers</a>\r\n    29|         <a href=\"/showPapers\" class=\"btn btn-secondary btn-lg\">Show Papers</a>\r\n\nCould not find the include file \"./includes/nav.ejs\"\n    at getIncludePath (C:\\Users\\rahul\\OneDrive\\Desktop\\ExamPaper\\node_modules\\ejs\\lib\\ejs.js:185:13)\n    at includeFile (C:\\Users\\rahul\\OneDrive\\Desktop\\ExamPaper\\node_modules\\ejs\\lib\\ejs.js:311:19)\n    at include (C:\\Users\\rahul\\OneDrive\\Desktop\\ExamPaper\\node_modules\\ejs\\lib\\ejs.js:701:16)\n    at eval (\"C:\\\\Users\\\\rahul\\\\OneDrive\\\\Desktop\\\\ExamPaper\\\\views\\\\ExamDepartment\\\\addPapers.ejs\":12:17)\n    at addPapers (C:\\Users\\rahul\\OneDrive\\Desktop\\ExamPaper\\node_modules\\ejs\\lib\\ejs.js:703:17)\n    at tryHandleCache (C:\\Users\\rahul\\OneDrive\\Desktop\\ExamPaper\\node_modules\\ejs\\lib\\ejs.js:274:36)\n    at exports.renderFile [as engine] (C:\\Users\\rahul\\OneDrive\\Desktop\\ExamPaper\\node_modules\\ejs\\lib\\ejs.js:491:10)\n    at View.render (C:\\Users\\rahul\\OneDrive\\Desktop\\ExamPaper\\node_modules\\express\\lib\\view.js:135:8)\n    at tryRender (C:\\Users\\rahul\\OneDrive\\Desktop\\ExamPaper\\node_modules\\express\\lib\\application.js:657:10)\n    at Function.render (C:\\Users\\rahul\\OneDrive\\Desktop\\ExamPaper\\node_modules\\express\\lib\\application.js:609:3)"}
{"level":"error"}
{"level":"error","message":"Error: Malformed part header\n    at SBMH.ssCb [as _cb] (C:\\Users\\rahul\\OneDrive\\Desktop\\ExamPaper\\node_modules\\busboy\\lib\\types\\multipart.js:398:32)\n    at feed (C:\\Users\\rahul\\OneDrive\\Desktop\\ExamPaper\\node_modules\\streamsearch\\lib\\sbmh.js:219:14)\n    at SBMH.push (C:\\Users\\rahul\\OneDrive\\Desktop\\ExamPaper\\node_modules\\streamsearch\\lib\\sbmh.js:104:16)\n    at Multipart._write (C:\\Users\\rahul\\OneDrive\\Desktop\\ExamPaper\\node_modules\\busboy\\lib\\types\\multipart.js:567:19)\n    at writeOrBuffer (node:internal/streams/writable:564:12)\n    at _write (node:internal/streams/writable:493:10)\n    at Writable.write (node:internal/streams/writable:502:10)\n    at IncomingMessage.ondata (node:internal/streams/readable:1007:22)\n    at IncomingMessage.emit (node:events:519:28)\n    at Readable.read (node:internal/streams/readable:780:10)"}
{"level":"error","message":"Error: Malformed part header\n    at SBMH.ssCb [as _cb] (C:\\Users\\rahul\\OneDrive\\Desktop\\ExamPaper\\node_modules\\busboy\\lib\\types\\multipart.js:398:32)\n    at feed (C:\\Users\\rahul\\OneDrive\\Desktop\\ExamPaper\\node_modules\\streamsearch\\lib\\sbmh.js:219:14)\n    at SBMH.push (C:\\Users\\rahul\\OneDrive\\Desktop\\ExamPaper\\node_modules\\streamsearch\\lib\\sbmh.js:104:16)\n    at Multipart._write (C:\\Users\\rahul\\OneDrive\\Desktop\\ExamPaper\\node_modules\\busboy\\lib\\types\\multipart.js:567:19)\n    at writeOrBuffer (node:internal/streams/writable:564:12)\n    at _write (node:internal/streams/writable:493:10)\n    at Writable.write (node:internal/streams/writable:502:10)\n    at IncomingMessage.ondata (node:internal/streams/readable:1007:22)\n    at IncomingMessage.emit (node:events:519:28)\n    at Readable.read (node:internal/streams/readable:780:10)"}
{"level":"error","message":"ResourceNotFoundException: Requested resource not found\n    at de_ResourceNotFoundExceptionRes (E:\\BACKUP\\ExamPaper_extract\\ExamPaper\\node_modules\\@aws-sdk\\client-dynamodb\\dist-cjs\\index.js:2197:23)\n    at de_CommandError (E:\\BACKUP\\ExamPaper_extract\\ExamPaper\\node_modules\\@aws-sdk\\client-dynamodb\\dist-cjs\\index.js:1854:25)\n    at process.processTicksAndRejections (node:internal/process/task_queues:105:5)\n    at async E:\\BACKUP\\ExamPaper_extract\\ExamPaper\\node_modules\\@smithy\\middleware-serde\\dist-cjs\\index.js:8:24\n    at async E:\\BACKUP\\ExamPaper_extract\\ExamPaper\\node_modules\\@smithy\\core\\dist-cjs\\index.js:121:20\n    at async E:\\BACKUP\\ExamPaper_extract\\ExamPaper\\node_modules\\@smithy\\middleware-retry\\dist-cjs\\index.js:254:46\n    at async E:\\BACKUP\\ExamPaper_extract\\ExamPaper\\node_modules\\@aws-sdk\\middleware-logger\\dist-cjs\\index.js:5:26"}
{"level":"error","message":"ResourceNotFoundException: Requested resource not found\n    at de_ResourceNotFoundExceptionRes (E:\\BACKUP\\ExamPaper_extract\\ExamPaper\\node_modules\\@aws-sdk\\client-dynamodb\\dist-cjs\\index.js:2197:23)\n    at de_CommandError (E:\\BACKUP\\ExamPaper_extract\\ExamPaper\\node_modules\\@aws-sdk\\client-dynamodb\\dist-cjs\\index.js:1854:25)\n    at process.processTicksAndRejections (node:internal/process/task_queues:105:5)\n    at async E:\\BACKUP\\ExamPaper_extract\\ExamPaper\\node_modules\\@smithy\\middleware-serde\\dist-cjs\\index.js:8:24\n    at async E:\\BACKUP\\ExamPaper_extract\\ExamPaper\\node_modules\\@smithy\\core\\dist-cjs\\index.js:121:20\n    at async E:\\BACKUP\\ExamPaper_extract\\ExamPaper\\node_modules\\@smithy\\middleware-retry\\dist-cjs\\index.js:254:46\n    at async E:\\BACKUP\\ExamPaper_extract\\ExamPaper\\node_modules\\@aws-sdk\\middleware-logger\\dist-cjs\\index.js:5:26"}
{"level":"error","message":"ResourceNotFoundException: Requested resource not found\n    at de_ResourceNotFoundExceptionRes (E:\\BACKUP\\ExamPaper_extract\\ExamPaper\\node_modules\\@aws-sdk\\client-dynamodb\\dist-cjs\\index.js:2197:23)\n    at de_CommandError (E:\\BACKUP\\ExamPaper_extract\\ExamPaper\\node_modules\\@aws-sdk\\client-dynamodb\\dist-cjs\\index.js:1854:25)\n    at process.processTicksAndRejections (node:internal/process/task_queues:105:5)\n    at async E:\\BACKUP\\ExamPaper_extract\\ExamPaper\\node_modules\\@smithy\\middleware-serde\\dist-cjs\\index.js:8:24\n    at async E:\\BACKUP\\ExamPaper_extract\\ExamPaper\\node_modules\\@smithy\\core\\dist-cjs\\index.js:121:20\n    at async E:\\BACKUP\\ExamPaper_extract\\ExamPaper\\node_modules\\@smithy\\middleware-retry\\dist-cjs\\index.js:254:46\n    at async E:\\BACKUP\\ExamPaper_extract\\ExamPaper\\node_modules\\@aws-sdk\\middleware-logger\\dist-cjs\\index.js:5:26"}
{"level":"error","message":"ResourceNotFoundException: Requested resource not found\n    at de_ResourceNotFoundExceptionRes (E:\\BACKUP\\ExamPaper_extract\\ExamPaper\\node_modules\\@aws-sdk\\client-dynamodb\\dist-cjs\\index.js:2197:23)\n    at de_CommandError (E:\\BACKUP\\ExamPaper_extract\\ExamPaper\\node_modules\\@aws-sdk\\client-dynamodb\\dist-cjs\\index.js:1854:25)\n    at process.processTicksAndRejections (node:internal/process/task_queues:105:5)\n    at async E:\\BACKUP\\ExamPaper_extract\\ExamPaper\\node_modules\\@smithy\\middleware-serde\\dist-cjs\\index.js:8:24\n    at async E:\\BACKUP\\ExamPaper_extract\\ExamPaper\\node_modules\\@smithy\\core\\dist-cjs\\index.js:121:20\n    at async E:\\BACKUP\\ExamPaper_extract\\ExamPaper\\node_modules\\@smithy\\middleware-retry\\dist-cjs\\index.js:254:46\n    at async E:\\BACKUP\\ExamPaper_extract\\ExamPaper\\node_modules\\@aws-sdk\\middleware-logger\\dist-cjs\\index.js:5:26"}
{"level":"error","message":"ResourceNotFoundException: Requested resource not found\n    at de_ResourceNotFoundExceptionRes (E:\\BACKUP\\ExamPaper_extract\\ExamPaper\\node_modules\\@aws-sdk\\client-dynamodb\\dist-cjs\\index.js:2197:23)\n    at de_CommandError (E:\\BACKUP\\ExamPaper_extract\\ExamPaper\\node_modules\\@aws-sdk\\client-dynamodb\\dist-cjs\\index.js:1854:25)\n    at process.processTicksAndRejections (node:internal/process/task_queues:105:5)\n    at async E:\\BACKUP\\ExamPaper_extract\\ExamPaper\\node_modules\\@smithy\\middleware-serde\\dist-cjs\\index.js:8:24\n    at async E:\\BACKUP\\ExamPaper_extract\\ExamPaper\\node_modules\\@smithy\\core\\dist-cjs\\index.js:121:20\n    at async E:\\BACKUP\\ExamPaper_extract\\ExamPaper\\node_modules\\@smithy\\middleware-retry\\dist-cjs\\index.js:254:46\n    at async E:\\BACKUP\\ExamPaper_extract\\ExamPaper\\node_modules\\@aws-sdk\\middleware-logger\\dist-cjs\\index.js:5:26"}
{"level":"error","message":"ResourceNotFoundException: Requested resource not found\n    at de_ResourceNotFoundExceptionRes (E:\\BACKUP\\ExamPaper_extract\\ExamPaper\\node_modules\\@aws-sdk\\client-dynamodb\\dist-cjs\\index.js:2197:23)\n    at de_CommandError (E:\\BACKUP\\ExamPaper_extract\\ExamPaper\\node_modules\\@aws-sdk\\client-dynamodb\\dist-cjs\\index.js:1854:25)\n    at process.processTicksAndRejections (node:internal/process/task_queues:105:5)\n    at async E:\\BACKUP\\ExamPaper_extract\\ExamPaper\\node_modules\\@smithy\\middleware-serde\\dist-cjs\\index.js:8:24\n    at async E:\\BACKUP\\ExamPaper_extract\\ExamPaper\\node_modules\\@smithy\\core\\dist-cjs\\index.js:121:20\n    at async E:\\BACKUP\\ExamPaper_extract\\ExamPaper\\node_modules\\@smithy\\middleware-retry\\dist-cjs\\index.js:254:46\n    at async E:\\BACKUP\\ExamPaper_extract\\ExamPaper\\node_modules\\@aws-sdk\\middleware-logger\\dist-cjs\\index.js:5:26"}
{"level":"error","message":"ResourceNotFoundException: Requested resource not found\n    at de_ResourceNotFoundExceptionRes (E:\\BACKUP\\ExamPaper_extract\\ExamPaper\\node_modules\\@aws-sdk\\client-dynamodb\\dist-cjs\\index.js:2197:23)\n    at de_CommandError (E:\\BACKUP\\ExamPaper_extract\\ExamPaper\\node_modules\\@aws-sdk\\client-dynamodb\\dist-cjs\\index.js:1854:25)\n    at process.processTicksAndRejections (node:internal/process/task_queues:105:5)\n    at async E:\\BACKUP\\ExamPaper_extract\\ExamPaper\\node_modules\\@smithy\\middleware-serde\\dist-cjs\\index.js:8:24\n    at async E:\\BACKUP\\ExamPaper_extract\\ExamPaper\\node_modules\\@smithy\\core\\dist-cjs\\index.js:121:20\n    at async E:\\BACKUP\\ExamPaper_extract\\ExamPaper\\node_modules\\@smithy\\middleware-retry\\dist-cjs\\index.js:254:46\n    at async E:\\BACKUP\\ExamPaper_extract\\ExamPaper\\node_modules\\@aws-sdk\\middleware-logger\\dist-cjs\\index.js:5:26"}
{"level":"error","message":"NoSuchBucket: The specified bucket does not exist\n    at de_NoSuchBucketRes (E:\\BACKUP\\ExamPaper_extract\\ExamPaper\\node_modules\\@aws-sdk\\client-s3\\dist-cjs\\index.js:4948:23)\n    at de_CommandError (E:\\BACKUP\\ExamPaper_extract\\ExamPaper\\node_modules\\@aws-sdk\\client-s3\\dist-cjs\\index.js:4838:25)\n    at process.processTicksAndRejections (node:internal/process/task_queues:105:5)\n    at async E:\\BACKUP\\ExamPaper_extract\\ExamPaper\\node_modules\\@smithy\\middleware-serde\\dist-cjs\\index.js:8:24\n    at async E:\\BACKUP\\ExamPaper_extract\\ExamPaper\\node_modules\\@aws-sdk\\middleware-sdk-s3\\dist-cjs\\index.js:386:20\n    at async E:\\BACKUP\\ExamPaper_extract\\ExamPaper\\node_modules\\@smithy\\middleware-retry\\dist-cjs\\index.js:254:46\n    at async E:\\BACKUP\\ExamPaper_extract\\ExamPaper\\node_modules\\@aws-sdk\\middleware-flexible-checksums\\dist-cjs\\index.js:247:20\n    at async E:\\BACKUP\\ExamPaper_extract\\ExamPaper\\node_modules\\@aws-sdk\\middleware-sdk-s3\\dist-cjs\\index.js:63:28\n    at async E:\\BACKUP\\ExamPaper_extract\\ExamPaper\\node_modules\\@aws-sdk\\middleware-sdk-s3\\dist-cjs\\index.js:90:20\n    at async E:\\BACKUP\\ExamPaper_extract\\ExamPaper\\node_modules\\@aws-sdk\\middleware-logger\\dist-cjs\\index.js:5:26"}
{"level":"error","message":"ResourceNotFoundException: Requested resource not found\n    at de_ResourceNotFoundExceptionRes (E:\\BACKUP\\ExamPaper_extract\\ExamPaper\\node_modules\\@aws-sdk\\client-dynamodb\\dist-cjs\\index.js:2197:23)\n    at de_CommandError (E:\\BACKUP\\ExamPaper_extract\\ExamPaper\\node_modules\\@aws-sdk\\client-dynamodb\\dist-cjs\\index.js:1854:25)\n    at process.processTicksAndRejections (node:internal/process/task_queues:105:5)\n    at async E:\\BACKUP\\ExamPaper_extract\\ExamPaper\\node_modules\\@smithy\\middleware-serde\\dist-cjs\\index.js:8:24\n    at async E:\\BACKUP\\ExamPaper_extract\\ExamPaper\\node_modules\\@smithy\\core\\dist-cjs\\index.js:121:20\n    at async E:\\BACKUP\\ExamPaper_extract\\ExamPaper\\node_modules\\@smithy\\middleware-retry\\dist-cjs\\index.js:254:46\n    at async E:\\BACKUP\\ExamPaper_extract\\ExamPaper\\node_modules\\@aws-sdk\\middleware-logger\\dist-cjs\\index.js:5:26"}
{"level":"error","message":"ResourceNotFoundException: Requested resource not found\n    at de_ResourceNotFoundExceptionRes (E:\\BACKUP\\ExamPaper_extract\\ExamPaper\\node_modules\\@aws-sdk\\client-dynamodb\\dist-cjs\\index.js:2197:23)\n    at de_CommandError (E:\\BACKUP\\ExamPaper_extract\\ExamPaper\\node_modules\\@aws-sdk\\client-dynamodb\\dist-cjs\\index.js:1854:25)\n    at process.processTicksAndRejections (node:internal/process/task_queues:105:5)\n    at async E:\\BACKUP\\ExamPaper_extract\\ExamPaper\\node_modules\\@smithy\\middleware-serde\\dist-cjs\\index.js:8:24\n    at async E:\\BACKUP\\ExamPaper_extract\\ExamPaper\\node_modules\\@smithy\\core\\dist-cjs\\index.js:121:20\n    at async E:\\BACKUP\\ExamPaper_extract\\ExamPaper\\node_modules\\@smithy\\middleware-retry\\dist-cjs\\index.js:254:46\n    at async E:\\BACKUP\\ExamPaper_extract\\ExamPaper\\node_modules\\@aws-sdk\\middleware-logger\\dist-cjs\\index.js:5:26"}
{"level":"error","message":"ResourceNotFoundException: Requested resource not found\n    at de_ResourceNotFoundExceptionRes (E:\\BACKUP\\ExamPaper_extract\\ExamPaper\\node_modules\\@aws-sdk\\client-dynamodb\\dist-cjs\\index.js:2197:23)\n    at de_CommandError (E:\\BACKUP\\ExamPaper_extract\\ExamPaper\\node_modules\\@aws-sdk\\client-dynamodb\\dist-cjs\\index.js:1854:25)\n    at process.processTicksAndRejections (node:internal/process/task_queues:105:5)\n    at async E:\\BACKUP\\ExamPaper_extract\\ExamPaper\\node_modules\\@smithy\\middleware-serde\\dist-cjs\\index.js:8:24\n    at async E:\\BACKUP\\ExamPaper_extract\\ExamPaper\\node_modules\\@smithy\\core\\dist-cjs\\index.js:121:20\n    at async E:\\BACKUP\\ExamPaper_extract\\ExamPaper\\node_modules\\@smithy\\middleware-retry\\dist-cjs\\index.js:254:46\n    at async E:\\BACKUP\\ExamPaper_extract\\ExamPaper\\node_modules\\@aws-sdk\\middleware-logger\\dist-cjs\\index.js:5:26"}
{"level":"error","message":"ResourceNotFoundException: Requested resource not found\n    at de_ResourceNotFoundExceptionRes (E:\\BACKUP\\ExamPaper_extract\\ExamPaper\\node_modules\\@aws-sdk\\client-dynamodb\\dist-cjs\\index.js:2197:23)\n    at de_CommandError (E:\\BACKUP\\ExamPaper_extract\\ExamPaper\\node_modules\\@aws-sdk\\client-dynamodb\\dist-cjs\\index.js:1854:25)\n    at process.processTicksAndRejections (node:internal/process/task_queues:105:5)\n    at async E:\\BACKUP\\ExamPaper_extract\\ExamPaper\\node_modules\\@smithy\\middleware-serde\\dist-cjs\\index.js:8:24\n    at async E:\\BACKUP\\ExamPaper_extract\\ExamPaper\\node_modules\\@smithy\\core\\dist-cjs\\index.js:121:20\n    at async E:\\BACKUP\\ExamPaper_extract\\ExamPaper\\node_modules\\@smithy\\middleware-retry\\dist-cjs\\index.js:254:46\n    at async E:\\BACKUP\\ExamPaper_extract\\ExamPaper\\node_modules\\@aws-sdk\\middleware-logger\\dist-cjs\\index.js:5:26"}
{"level":"error","message":"ResourceNotFoundException: Requested resource not found\n    at de_ResourceNotFoundExceptionRes (E:\\BACKUP\\ExamPaper_extract\\ExamPaper\\node_modules\\@aws-sdk\\client-dynamodb\\dist-cjs\\index.js:2197:23)\n    at de_CommandError (E:\\BACKUP\\ExamPaper_extract\\ExamPaper\\node_modules\\@aws-sdk\\client-dynamodb\\dist-cjs\\index.js:1854:25)\n    at process.processTicksAndRejections (node:internal/process/task_queues:105:5)\n    at async E:\\BACKUP\\ExamPaper_extract\\ExamPaper\\node_modules\\@smithy\\middleware-serde\\dist-cjs\\index.js:8:24\n    at async E:\\BACKUP\\ExamPaper_extract\\ExamPaper\\node_modules\\@smithy\\core\\dist-cjs\\index.js:121:20\n    at async E:\\BACKUP\\ExamPaper_extract\\ExamPaper\\node_modules\\@smithy\\middleware-retry\\dist-cjs\\index.js:254:46\n    at async E:\\BACKUP\\ExamPaper_extract\\ExamPaper\\node_modules\\@aws-sdk\\middleware-logger\\dist-cjs\\index.js:5:26"}
{"level":"error","message":"ResourceNotFoundException: Requested resource not found\n    at de_ResourceNotFoundExceptionRes (E:\\BACKUP\\ExamPaper_extract\\ExamPaper\\node_modules\\@aws-sdk\\client-dynamodb\\dist-cjs\\index.js:2197:23)\n    at de_CommandError (E:\\BACKUP\\ExamPaper_extract\\ExamPaper\\node_modules\\@aws-sdk\\client-dynamodb\\dist-cjs\\index.js:1854:25)\n    at process.processTicksAndRejections (node:internal/process/task_queues:105:5)\n    at async E:\\BACKUP\\ExamPaper_extract\\ExamPaper\\node_modules\\@smithy\\middleware-serde\\dist-cjs\\index.js:8:24\n    at async E:\\BACKUP\\ExamPaper_extract\\ExamPaper\\node_modules\\@smithy\\core\\dist-cjs\\index.js:121:20\n    at async E:\\BACKUP\\ExamPaper_extract\\ExamPaper\\node_modules\\@smithy\\middleware-retry\\dist-cjs\\index.js:254:46\n    at async E:\\BACKUP\\ExamPaper_extract\\ExamPaper\\node_modules\\@aws-sdk\\middleware-logger\\dist-cjs\\index.js:5:26"}
